<?xml version="1.0" encoding="UTF-8"?>
<!-- Generated by org.testng.reporters.JUnitReportReporter -->
<testsuite skipped="0" hostname="LIN35004394" name="com.tripadvisor.qa.testcases.ReviewHotel" tests="1" failures="0" timestamp="2020-01-05T23:37:35 IST" time="49.704" errors="0">
  <testcase name="reviewHotel" time="49.704" classname="com.tripadvisor.qa.testcases.ReviewHotel"/>
</testsuite> <!-- com.tripadvisor.qa.testcases.ReviewHotel -->
